{"/Users/tanviralam/Projects/frontend-lead-challenge/src/components/bookings/StatusBadge.tsx": {"path":"/Users/tanviralam/Projects/frontend-lead-challenge/src/components/bookings/StatusBadge.tsx","statementMap":{"0":{"start":{"line":35,"column":13},"end":{"line":35,"column":27}},"1":{"start":{"line":1,"column":21},"end":{"line":1,"column":null}},"2":{"start":{"line":2,"column":32},"end":{"line":2,"column":null}},"3":{"start":{"line":11,"column":7},"end":{"line":11,"column":null}},"4":{"start":{"line":27,"column":52},"end":{"line":33,"column":null}},"5":{"start":{"line":35,"column":27},"end":{"line":58,"column":null}},"6":{"start":{"line":40,"column":27},"end":{"line":40,"column":null}},"7":{"start":{"line":41,"column":15},"end":{"line":41,"column":28}},"8":{"start":{"line":43,"column":16},"end":{"line":47,"column":null}}},"fnMap":{"0":{"name":"StatusBadge","decl":{"start":{"line":35,"column":41},"end":{"line":35,"column":53}},"loc":{"start":{"line":39,"column":1},"end":{"line":58,"column":null}}}},"branchMap":{},"s":{"0":12,"1":1,"2":1,"3":1,"4":1,"5":1,"6":12,"7":12,"8":12},"f":{"0":12},"b":{}}
,"/Users/tanviralam/Projects/frontend-lead-challenge/src/components/ui/Field.tsx": {"path":"/Users/tanviralam/Projects/frontend-lead-challenge/src/components/ui/Field.tsx","statementMap":{"0":{"start":{"line":88,"column":16},"end":{"line":88,"column":null}},"1":{"start":{"line":3,"column":16},"end":{"line":3,"column":22}},"2":{"start":{"line":68,"column":16},"end":{"line":68,"column":null}},"3":{"start":{"line":80,"column":16},"end":{"line":80,"column":null}},"4":{"start":{"line":62,"column":16},"end":{"line":62,"column":26}},"5":{"start":{"line":1,"column":38},"end":{"line":1,"column":null}},"6":{"start":{"line":22,"column":20},"end":{"line":22,"column":null}},"7":{"start":{"line":23,"column":22},"end":{"line":23,"column":null}},"8":{"start":{"line":60,"column":2},"end":{"line":60,"column":null}}},"fnMap":{"0":{"name":"Field","decl":{"start":{"line":3,"column":16},"end":{"line":3,"column":22}},"loc":{"start":{"line":21,"column":1},"end":{"line":57,"column":null}}},"1":{"name":"TextInput","decl":{"start":{"line":62,"column":16},"end":{"line":62,"column":26}},"loc":{"start":{"line":62,"column":76},"end":{"line":66,"column":null}}},"2":{"name":"NumberInput","decl":{"start":{"line":68,"column":16},"end":{"line":68,"column":null}},"loc":{"start":{"line":69,"column":52},"end":{"line":78,"column":null}}},"3":{"name":"SelectInput","decl":{"start":{"line":80,"column":16},"end":{"line":80,"column":null}},"loc":{"start":{"line":81,"column":54},"end":{"line":86,"column":null}}},"4":{"name":"DateTimeInput","decl":{"start":{"line":88,"column":16},"end":{"line":88,"column":null}},"loc":{"start":{"line":89,"column":52},"end":{"line":98,"column":null}}}},"branchMap":{"0":{"loc":{"start":{"line":11,"column":2},"end":{"line":11,"column":16}},"type":"default-arg","locations":[{"start":{"line":11,"column":14},"end":{"line":11,"column":16}}]},"1":{"loc":{"start":{"line":23,"column":22},"end":{"line":23,"column":null}},"type":"binary-expr","locations":[{"start":{"line":23,"column":22},"end":{"line":23,"column":40}},{"start":{"line":23,"column":40},"end":{"line":23,"column":null}}]},"2":{"loc":{"start":{"line":33,"column":11},"end":{"line":37,"column":null}},"type":"cond-expr","locations":[{"start":{"line":34,"column":12},"end":{"line":37,"column":null}},{"start":{"line":37,"column":14},"end":{"line":37,"column":null}}]},"3":{"loc":{"start":{"line":39,"column":9},"end":{"line":43,"column":null}},"type":"cond-expr","locations":[{"start":{"line":40,"column":10},"end":{"line":43,"column":null}},{"start":{"line":43,"column":12},"end":{"line":43,"column":null}}]},"4":{"loc":{"start":{"line":46,"column":7},"end":{"line":54,"column":null}},"type":"cond-expr","locations":[{"start":{"line":47,"column":8},"end":{"line":54,"column":null}},{"start":{"line":54,"column":10},"end":{"line":54,"column":null}}]},"5":{"loc":{"start":{"line":49,"column":16},"end":{"line":49,"column":null}},"type":"cond-expr","locations":[{"start":{"line":49,"column":24},"end":{"line":49,"column":34}},{"start":{"line":49,"column":34},"end":{"line":49,"column":null}}]},"6":{"loc":{"start":{"line":50,"column":32},"end":{"line":50,"column":76}},"type":"cond-expr","locations":[{"start":{"line":50,"column":40},"end":{"line":50,"column":58}},{"start":{"line":50,"column":58},"end":{"line":50,"column":76}}]},"7":{"loc":{"start":{"line":52,"column":11},"end":{"line":52,"column":null}},"type":"binary-expr","locations":[{"start":{"line":52,"column":11},"end":{"line":52,"column":20}},{"start":{"line":52,"column":20},"end":{"line":52,"column":null}}]},"8":{"loc":{"start":{"line":64,"column":50},"end":{"line":64,"column":73}},"type":"binary-expr","locations":[{"start":{"line":64,"column":50},"end":{"line":64,"column":65}},{"start":{"line":64,"column":69},"end":{"line":64,"column":73}}]},"9":{"loc":{"start":{"line":75,"column":47},"end":{"line":75,"column":70}},"type":"binary-expr","locations":[{"start":{"line":75,"column":47},"end":{"line":75,"column":62}},{"start":{"line":75,"column":66},"end":{"line":75,"column":70}}]},"10":{"loc":{"start":{"line":84,"column":51},"end":{"line":84,"column":74}},"type":"binary-expr","locations":[{"start":{"line":84,"column":51},"end":{"line":84,"column":66}},{"start":{"line":84,"column":70},"end":{"line":84,"column":74}}]},"11":{"loc":{"start":{"line":95,"column":47},"end":{"line":95,"column":70}},"type":"binary-expr","locations":[{"start":{"line":95,"column":47},"end":{"line":95,"column":62}},{"start":{"line":95,"column":66},"end":{"line":95,"column":70}}]}},"s":{"0":0,"1":6,"2":0,"3":0,"4":7,"5":1,"6":6,"7":6,"8":1},"f":{"0":6,"1":7,"2":0,"3":0,"4":0},"b":{"0":[6],"1":[6,5],"2":[1,5],"3":[1,5],"4":[2,4],"5":[1,1],"6":[1,1],"7":[2,1],"8":[7,7],"9":[0,0],"10":[0,0],"11":[0,0]}}
,"/Users/tanviralam/Projects/frontend-lead-challenge/src/components/ui/StatusIcons.tsx": {"path":"/Users/tanviralam/Projects/frontend-lead-challenge/src/components/ui/StatusIcons.tsx","statementMap":{"0":{"start":{"line":32,"column":16},"end":{"line":32,"column":26}},"1":{"start":{"line":23,"column":16},"end":{"line":23,"column":26}},"2":{"start":{"line":52,"column":16},"end":{"line":52,"column":33}},"3":{"start":{"line":41,"column":16},"end":{"line":41,"column":26}},"4":{"start":{"line":63,"column":16},"end":{"line":63,"column":28}},"5":{"start":{"line":12,"column":18},"end":{"line":21,"column":null}}},"fnMap":{"0":{"name":"ClockIcon","decl":{"start":{"line":23,"column":16},"end":{"line":23,"column":26}},"loc":{"start":{"line":23,"column":63},"end":{"line":30,"column":null}}},"1":{"name":"CheckIcon","decl":{"start":{"line":32,"column":16},"end":{"line":32,"column":26}},"loc":{"start":{"line":32,"column":63},"end":{"line":39,"column":null}}},"2":{"name":"TruckIcon","decl":{"start":{"line":41,"column":16},"end":{"line":41,"column":26}},"loc":{"start":{"line":41,"column":63},"end":{"line":50,"column":null}}},"3":{"name":"PackageCheckIcon","decl":{"start":{"line":52,"column":16},"end":{"line":52,"column":33}},"loc":{"start":{"line":52,"column":70},"end":{"line":61,"column":null}}},"4":{"name":"XCircleIcon","decl":{"start":{"line":63,"column":16},"end":{"line":63,"column":28}},"loc":{"start":{"line":63,"column":65},"end":{"line":71,"column":null}}}},"branchMap":{},"s":{"0":1,"1":1,"2":1,"3":1,"4":1,"5":1},"f":{"0":3,"1":2,"2":3,"3":2,"4":2},"b":{}}
,"/Users/tanviralam/Projects/frontend-lead-challenge/src/domain/time.ts": {"path":"/Users/tanviralam/Projects/frontend-lead-challenge/src/domain/time.ts","statementMap":{"0":{"start":{"line":21,"column":16},"end":{"line":21,"column":27}},"1":{"start":{"line":33,"column":16},"end":{"line":33,"column":27}},"2":{"start":{"line":22,"column":12},"end":{"line":22,"column":null}},"3":{"start":{"line":23,"column":2},"end":{"line":23,"column":null}},"4":{"start":{"line":23,"column":33},"end":{"line":23,"column":null}},"5":{"start":{"line":24,"column":14},"end":{"line":24,"column":null}},"6":{"start":{"line":24,"column":29},"end":{"line":24,"column":null}},"7":{"start":{"line":25,"column":2},"end":{"line":25,"column":null}},"8":{"start":{"line":34,"column":2},"end":{"line":34,"column":null}}},"fnMap":{"0":{"name":"isoToLocal","decl":{"start":{"line":21,"column":16},"end":{"line":21,"column":27}},"loc":{"start":{"line":21,"column":49},"end":{"line":26,"column":null}}},"1":{"name":"(anonymous_4)","decl":{"start":{"line":24,"column":14},"end":{"line":24,"column":15}},"loc":{"start":{"line":24,"column":29},"end":{"line":24,"column":null}}},"2":{"name":"localToIso","decl":{"start":{"line":33,"column":16},"end":{"line":33,"column":27}},"loc":{"start":{"line":33,"column":53},"end":{"line":35,"column":null}}}},"branchMap":{"0":{"loc":{"start":{"line":23,"column":2},"end":{"line":23,"column":null}},"type":"if","locations":[{"start":{"line":23,"column":2},"end":{"line":23,"column":null}},{"start":{},"end":{}}]}},"s":{"0":14,"1":11,"2":14,"3":14,"4":0,"5":14,"6":56,"7":14,"8":11},"f":{"0":14,"1":56,"2":11},"b":{"0":[0,14]}}
,"/Users/tanviralam/Projects/frontend-lead-challenge/src/domain/bookings/filters.ts": {"path":"/Users/tanviralam/Projects/frontend-lead-challenge/src/domain/bookings/filters.ts","statementMap":{"0":{"start":{"line":27,"column":13},"end":{"line":27,"column":45}},"1":{"start":{"line":81,"column":16},"end":{"line":81,"column":32}},"2":{"start":{"line":34,"column":16},"end":{"line":34,"column":24}},"3":{"start":{"line":43,"column":16},"end":{"line":43,"column":31}},"4":{"start":{"line":67,"column":16},"end":{"line":67,"column":28}},"5":{"start":{"line":127,"column":16},"end":{"line":127,"column":null}},"6":{"start":{"line":109,"column":16},"end":{"line":109,"column":null}},"7":{"start":{"line":123,"column":16},"end":{"line":123,"column":26}},"8":{"start":{"line":116,"column":16},"end":{"line":116,"column":null}},"9":{"start":{"line":100,"column":16},"end":{"line":100,"column":null}},"10":{"start":{"line":1,"column":37},"end":{"line":1,"column":null}},"11":{"start":{"line":27,"column":45},"end":{"line":32,"column":null}},"12":{"start":{"line":35,"column":2},"end":{"line":39,"column":null}},"13":{"start":{"line":44,"column":2},"end":{"line":44,"column":null}},"14":{"start":{"line":44,"column":65},"end":{"line":44,"column":null}},"15":{"start":{"line":45,"column":2},"end":{"line":45,"column":null}},"16":{"start":{"line":45,"column":64},"end":{"line":45,"column":null}},"17":{"start":{"line":46,"column":2},"end":{"line":46,"column":null}},"18":{"start":{"line":46,"column":58},"end":{"line":46,"column":null}},"19":{"start":{"line":48,"column":12},"end":{"line":48,"column":null}},"20":{"start":{"line":49,"column":2},"end":{"line":49,"column":null}},"21":{"start":{"line":49,"column":53},"end":{"line":49,"column":null}},"22":{"start":{"line":51,"column":2},"end":{"line":51,"column":null}},"23":{"start":{"line":65,"column":19},"end":{"line":65,"column":null}},"24":{"start":{"line":68,"column":19},"end":{"line":71,"column":null}},"25":{"start":{"line":70,"column":16},"end":{"line":70,"column":null}},"26":{"start":{"line":71,"column":39},"end":{"line":71,"column":null}},"27":{"start":{"line":73,"column":2},"end":{"line":78,"column":null}},"28":{"start":{"line":82,"column":2},"end":{"line":87,"column":null}},"29":{"start":{"line":91,"column":2},"end":{"line":91,"column":null}},"30":{"start":{"line":91,"column":10},"end":{"line":91,"column":null}},"31":{"start":{"line":92,"column":12},"end":{"line":92,"column":null}},"32":{"start":{"line":93,"column":2},"end":{"line":93,"column":null}},"33":{"start":{"line":104,"column":2},"end":{"line":106,"column":null}},"34":{"start":{"line":105,"column":49},"end":{"line":105,"column":63}},"35":{"start":{"line":113,"column":2},"end":{"line":113,"column":null}},"36":{"start":{"line":120,"column":2},"end":{"line":120,"column":null}},"37":{"start":{"line":124,"column":2},"end":{"line":124,"column":null}},"38":{"start":{"line":131,"column":2},"end":{"line":131,"column":null}},"39":{"start":{"line":131,"column":52},"end":{"line":131,"column":66}}},"fnMap":{"0":{"name":"isEmpty","decl":{"start":{"line":34,"column":16},"end":{"line":34,"column":24}},"loc":{"start":{"line":34,"column":41},"end":{"line":41,"column":null}}},"1":{"name":"matchesFilters","decl":{"start":{"line":43,"column":16},"end":{"line":43,"column":31}},"loc":{"start":{"line":43,"column":65},"end":{"line":52,"column":null}}},"2":{"name":"parseSearch","decl":{"start":{"line":67,"column":16},"end":{"line":67,"column":28}},"loc":{"start":{"line":67,"column":56},"end":{"line":79,"column":null}}},"3":{"name":"(anonymous_14)","decl":{"start":{"line":70,"column":9},"end":{"line":70,"column":10}},"loc":{"start":{"line":70,"column":16},"end":{"line":70,"column":null}}},"4":{"name":"(anonymous_15)","decl":{"start":{"line":71,"column":12},"end":{"line":71,"column":13}},"loc":{"start":{"line":71,"column":39},"end":{"line":71,"column":null}}},"5":{"name":"filtersToSearch","decl":{"start":{"line":81,"column":16},"end":{"line":81,"column":32}},"loc":{"start":{"line":81,"column":49},"end":{"line":88,"column":null}}},"6":{"name":"nonEmpty","decl":{"start":{"line":90,"column":9},"end":{"line":90,"column":18}},"loc":{"start":{"line":90,"column":39},"end":{"line":94,"column":null}}},"7":{"name":"toggleStatus","decl":{"start":{"line":100,"column":16},"end":{"line":100,"column":null}},"loc":{"start":{"line":102,"column":23},"end":{"line":107,"column":null}}},"8":{"name":"(anonymous_19)","decl":{"start":{"line":105,"column":42},"end":{"line":105,"column":43}},"loc":{"start":{"line":105,"column":49},"end":{"line":105,"column":63}}},"9":{"name":"setCustomer","decl":{"start":{"line":109,"column":16},"end":{"line":109,"column":null}},"loc":{"start":{"line":111,"column":27},"end":{"line":114,"column":null}}},"10":{"name":"setVessel","decl":{"start":{"line":116,"column":16},"end":{"line":116,"column":null}},"loc":{"start":{"line":118,"column":25},"end":{"line":121,"column":null}}},"11":{"name":"setSearch","decl":{"start":{"line":123,"column":16},"end":{"line":123,"column":26}},"loc":{"start":{"line":123,"column":59},"end":{"line":125,"column":null}}},"12":{"name":"removeStatus","decl":{"start":{"line":127,"column":16},"end":{"line":127,"column":null}},"loc":{"start":{"line":129,"column":23},"end":{"line":132,"column":null}}},"13":{"name":"(anonymous_24)","decl":{"start":{"line":131,"column":45},"end":{"line":131,"column":46}},"loc":{"start":{"line":131,"column":52},"end":{"line":131,"column":66}}}},"branchMap":{"0":{"loc":{"start":{"line":36,"column":4},"end":{"line":39,"column":null}},"type":"binary-expr","locations":[{"start":{"line":36,"column":4},"end":{"line":36,"column":null}},{"start":{"line":37,"column":4},"end":{"line":37,"column":null}},{"start":{"line":38,"column":4},"end":{"line":38,"column":null}},{"start":{"line":39,"column":4},"end":{"line":39,"column":null}}]},"1":{"loc":{"start":{"line":44,"column":2},"end":{"line":44,"column":null}},"type":"if","locations":[{"start":{"line":44,"column":2},"end":{"line":44,"column":null}},{"start":{},"end":{}}]},"2":{"loc":{"start":{"line":44,"column":6},"end":{"line":44,"column":65}},"type":"binary-expr","locations":[{"start":{"line":44,"column":6},"end":{"line":44,"column":31}},{"start":{"line":44,"column":31},"end":{"line":44,"column":65}}]},"3":{"loc":{"start":{"line":45,"column":2},"end":{"line":45,"column":null}},"type":"if","locations":[{"start":{"line":45,"column":2},"end":{"line":45,"column":null}},{"start":{},"end":{}}]},"4":{"loc":{"start":{"line":45,"column":6},"end":{"line":45,"column":62}},"type":"binary-expr","locations":[{"start":{"line":45,"column":6},"end":{"line":45,"column":31}},{"start":{"line":45,"column":31},"end":{"line":45,"column":62}}]},"5":{"loc":{"start":{"line":46,"column":2},"end":{"line":46,"column":null}},"type":"if","locations":[{"start":{"line":46,"column":2},"end":{"line":46,"column":null}},{"start":{},"end":{}}]},"6":{"loc":{"start":{"line":46,"column":6},"end":{"line":46,"column":56}},"type":"binary-expr","locations":[{"start":{"line":46,"column":6},"end":{"line":46,"column":29}},{"start":{"line":46,"column":29},"end":{"line":46,"column":56}}]},"7":{"loc":{"start":{"line":49,"column":2},"end":{"line":49,"column":null}},"type":"if","locations":[{"start":{"line":49,"column":2},"end":{"line":49,"column":null}},{"start":{},"end":{}}]},"8":{"loc":{"start":{"line":49,"column":6},"end":{"line":49,"column":53}},"type":"binary-expr","locations":[{"start":{"line":49,"column":6},"end":{"line":49,"column":18}},{"start":{"line":49,"column":18},"end":{"line":49,"column":53}}]},"9":{"loc":{"start":{"line":68,"column":20},"end":{"line":68,"column":38}},"type":"binary-expr","locations":[{"start":{"line":68,"column":20},"end":{"line":68,"column":33}},{"start":{"line":68,"column":37},"end":{"line":68,"column":38}}]},"10":{"loc":{"start":{"line":77,"column":13},"end":{"line":77,"column":26}},"type":"binary-expr","locations":[{"start":{"line":77,"column":13},"end":{"line":77,"column":21}},{"start":{"line":77,"column":25},"end":{"line":77,"column":26}}]},"11":{"loc":{"start":{"line":83,"column":12},"end":{"line":83,"column":null}},"type":"cond-expr","locations":[{"start":{"line":83,"column":36},"end":{"line":83,"column":59}},{"start":{"line":83,"column":59},"end":{"line":83,"column":null}}]},"12":{"loc":{"start":{"line":84,"column":16},"end":{"line":84,"column":null}},"type":"binary-expr","locations":[{"start":{"line":84,"column":16},"end":{"line":84,"column":28}},{"start":{"line":84,"column":32},"end":{"line":84,"column":null}}]},"13":{"loc":{"start":{"line":85,"column":14},"end":{"line":85,"column":null}},"type":"binary-expr","locations":[{"start":{"line":85,"column":14},"end":{"line":85,"column":24}},{"start":{"line":85,"column":28},"end":{"line":85,"column":null}}]},"14":{"loc":{"start":{"line":86,"column":7},"end":{"line":86,"column":null}},"type":"cond-expr","locations":[{"start":{"line":86,"column":32},"end":{"line":86,"column":50}},{"start":{"line":86,"column":50},"end":{"line":86,"column":null}}]},"15":{"loc":{"start":{"line":91,"column":2},"end":{"line":91,"column":null}},"type":"if","locations":[{"start":{"line":91,"column":2},"end":{"line":91,"column":null}},{"start":{},"end":{}}]},"16":{"loc":{"start":{"line":93,"column":9},"end":{"line":93,"column":null}},"type":"cond-expr","locations":[{"start":{"line":93,"column":20},"end":{"line":93,"column":27}},{"start":{"line":93,"column":27},"end":{"line":93,"column":null}}]},"17":{"loc":{"start":{"line":104,"column":9},"end":{"line":106,"column":null}},"type":"cond-expr","locations":[{"start":{"line":105,"column":6},"end":{"line":105,"column":null}},{"start":{"line":106,"column":6},"end":{"line":106,"column":null}}]}},"s":{"0":20,"1":3,"2":6,"3":11,"4":4,"5":1,"6":1,"7":1,"8":1,"9":2,"10":1,"11":1,"12":6,"13":11,"14":2,"15":9,"16":0,"17":9,"18":1,"19":8,"20":8,"21":1,"22":7,"23":1,"24":4,"25":6,"26":6,"27":4,"28":3,"29":8,"30":5,"31":3,"32":3,"33":2,"34":1,"35":1,"36":1,"37":1,"38":1,"39":0},"f":{"0":6,"1":11,"2":4,"3":6,"4":6,"5":3,"6":8,"7":2,"8":1,"9":1,"10":1,"11":1,"12":1,"13":0},"b":{"0":[6,5,4,3],"1":[2,9],"2":[11,6],"3":[0,9],"4":[9,0],"5":[1,8],"6":[9,2],"7":[1,7],"8":[8,3],"9":[4,1],"10":[4,2],"11":[1,2],"12":[3,2],"13":[3,2],"14":[1,2],"15":[5,3],"16":[1,2],"17":[1,1]}}
,"/Users/tanviralam/Projects/frontend-lead-challenge/src/domain/bookings/form.ts": {"path":"/Users/tanviralam/Projects/frontend-lead-challenge/src/domain/bookings/form.ts","statementMap":{"0":{"start":{"line":76,"column":13},"end":{"line":76,"column":null}},"1":{"start":{"line":54,"column":13},"end":{"line":54,"column":62}},"2":{"start":{"line":1,"column":39},"end":{"line":1,"column":null}},"3":{"start":{"line":10,"column":7},"end":{"line":10,"column":null}},"4":{"start":{"line":54,"column":62},"end":{"line":64,"column":null}},"5":{"start":{"line":80,"column":4},"end":{"line":80,"column":null}},"6":{"start":{"line":85,"column":4},"end":{"line":95,"column":null}},"7":{"start":{"line":100,"column":4},"end":{"line":100,"column":null}},"8":{"start":{"line":105,"column":4},"end":{"line":114,"column":null}},"9":{"start":{"line":129,"column":20},"end":{"line":129,"column":null}},"10":{"start":{"line":131,"column":4},"end":{"line":140,"column":null}},"11":{"start":{"line":132,"column":21},"end":{"line":132,"column":null}},"12":{"start":{"line":133,"column":6},"end":{"line":135,"column":null}},"13":{"start":{"line":134,"column":8},"end":{"line":134,"column":null}},"14":{"start":{"line":136,"column":6},"end":{"line":139,"column":null}},"15":{"start":{"line":142,"column":17},"end":{"line":142,"column":null}},"16":{"start":{"line":143,"column":19},"end":{"line":143,"column":null}},"17":{"start":{"line":144,"column":4},"end":{"line":146,"column":null}},"18":{"start":{"line":145,"column":6},"end":{"line":145,"column":null}},"19":{"start":{"line":147,"column":4},"end":{"line":150,"column":null}},"20":{"start":{"line":160,"column":4},"end":{"line":170,"column":null}},"21":{"start":{"line":178,"column":17},"end":{"line":178,"column":30}},"22":{"start":{"line":179,"column":45},"end":{"line":179,"column":null}},"23":{"start":{"line":181,"column":4},"end":{"line":181,"column":null}},"24":{"start":{"line":181,"column":45},"end":{"line":181,"column":null}},"25":{"start":{"line":182,"column":4},"end":{"line":182,"column":null}},"26":{"start":{"line":182,"column":41},"end":{"line":182,"column":null}},"27":{"start":{"line":183,"column":4},"end":{"line":183,"column":null}},"28":{"start":{"line":183,"column":37},"end":{"line":183,"column":null}},"29":{"start":{"line":184,"column":4},"end":{"line":184,"column":null}},"30":{"start":{"line":184,"column":47},"end":{"line":184,"column":null}},"31":{"start":{"line":185,"column":4},"end":{"line":185,"column":null}},"32":{"start":{"line":185,"column":43},"end":{"line":185,"column":null}},"33":{"start":{"line":186,"column":4},"end":{"line":189,"column":null}},"34":{"start":{"line":187,"column":16},"end":{"line":187,"column":null}},"35":{"start":{"line":188,"column":6},"end":{"line":188,"column":null}},"36":{"start":{"line":188,"column":30},"end":{"line":188,"column":null}},"37":{"start":{"line":190,"column":4},"end":{"line":190,"column":null}},"38":{"start":{"line":190,"column":37},"end":{"line":190,"column":null}},"39":{"start":{"line":191,"column":4},"end":{"line":193,"column":null}},"40":{"start":{"line":192,"column":6},"end":{"line":192,"column":null}},"41":{"start":{"line":194,"column":4},"end":{"line":196,"column":null}},"42":{"start":{"line":195,"column":6},"end":{"line":195,"column":null}},"43":{"start":{"line":197,"column":4},"end":{"line":197,"column":null}}},"fnMap":{"0":{"name":"(anonymous_3)","decl":{"start":{"line":79,"column":2},"end":{"line":79,"column":14}},"loc":{"start":{"line":79,"column":73},"end":{"line":81,"column":null}}},"1":{"name":"(anonymous_4)","decl":{"start":{"line":84,"column":2},"end":{"line":84,"column":9}},"loc":{"start":{"line":84,"column":51},"end":{"line":96,"column":null}}},"2":{"name":"(anonymous_5)","decl":{"start":{"line":99,"column":2},"end":{"line":99,"column":9}},"loc":{"start":{"line":99,"column":35},"end":{"line":101,"column":null}}},"3":{"name":"(anonymous_6)","decl":{"start":{"line":104,"column":2},"end":{"line":104,"column":9}},"loc":{"start":{"line":104,"column":78},"end":{"line":116,"column":null}}},"4":{"name":"(anonymous_7)","decl":{"start":{"line":128,"column":2},"end":{"line":128,"column":18}},"loc":{"start":{"line":128,"column":74},"end":{"line":151,"column":null}}},"5":{"name":"(anonymous_8)","decl":{"start":{"line":159,"column":2},"end":{"line":159,"column":25}},"loc":{"start":{"line":159,"column":48},"end":{"line":171,"column":null}}},"6":{"name":"(anonymous_9)","decl":{"start":{"line":177,"column":2},"end":{"line":177,"column":14}},"loc":{"start":{"line":177,"column":69},"end":{"line":198,"column":null}}}},"branchMap":{"0":{"loc":{"start":{"line":79,"column":14},"end":{"line":79,"column":71}},"type":"default-arg","locations":[{"start":{"line":79,"column":54},"end":{"line":79,"column":71}}]},"1":{"loc":{"start":{"line":104,"column":31},"end":{"line":104,"column":67}},"type":"default-arg","locations":[{"start":{"line":104,"column":54},"end":{"line":104,"column":67}}]},"2":{"loc":{"start":{"line":106,"column":6},"end":{"line":114,"column":33}},"type":"binary-expr","locations":[{"start":{"line":106,"column":6},"end":{"line":106,"column":35}},{"start":{"line":107,"column":6},"end":{"line":107,"column":31}},{"start":{"line":108,"column":6},"end":{"line":108,"column":27}},{"start":{"line":109,"column":6},"end":{"line":109,"column":37}},{"start":{"line":110,"column":6},"end":{"line":110,"column":33}},{"start":{"line":111,"column":6},"end":{"line":111,"column":31}},{"start":{"line":112,"column":6},"end":{"line":112,"column":27}},{"start":{"line":113,"column":6},"end":{"line":113,"column":37}},{"start":{"line":114,"column":6},"end":{"line":114,"column":33}}]},"3":{"loc":{"start":{"line":131,"column":4},"end":{"line":140,"column":null}},"type":"if","locations":[{"start":{"line":131,"column":4},"end":{"line":140,"column":null}},{"start":{},"end":{}}]},"4":{"loc":{"start":{"line":133,"column":6},"end":{"line":135,"column":null}},"type":"if","locations":[{"start":{"line":133,"column":6},"end":{"line":135,"column":null}},{"start":{},"end":{}}]},"5":{"loc":{"start":{"line":144,"column":4},"end":{"line":146,"column":null}},"type":"if","locations":[{"start":{"line":144,"column":4},"end":{"line":146,"column":null}},{"start":{},"end":{}}]},"6":{"loc":{"start":{"line":166,"column":16},"end":{"line":166,"column":65}},"type":"cond-expr","locations":[{"start":{"line":166,"column":43},"end":{"line":166,"column":55}},{"start":{"line":166,"column":55},"end":{"line":166,"column":65}}]},"7":{"loc":{"start":{"line":168,"column":19},"end":{"line":168,"column":null}},"type":"cond-expr","locations":[{"start":{"line":168,"column":35},"end":{"line":168,"column":63}},{"start":{"line":168,"column":63},"end":{"line":168,"column":null}}]},"8":{"loc":{"start":{"line":169,"column":17},"end":{"line":169,"column":null}},"type":"cond-expr","locations":[{"start":{"line":169,"column":31},"end":{"line":169,"column":57}},{"start":{"line":169,"column":57},"end":{"line":169,"column":null}}]},"9":{"loc":{"start":{"line":181,"column":4},"end":{"line":181,"column":null}},"type":"if","locations":[{"start":{"line":181,"column":4},"end":{"line":181,"column":null}},{"start":{},"end":{}}]},"10":{"loc":{"start":{"line":182,"column":4},"end":{"line":182,"column":null}},"type":"if","locations":[{"start":{"line":182,"column":4},"end":{"line":182,"column":null}},{"start":{},"end":{}}]},"11":{"loc":{"start":{"line":183,"column":4},"end":{"line":183,"column":null}},"type":"if","locations":[{"start":{"line":183,"column":4},"end":{"line":183,"column":null}},{"start":{},"end":{}}]},"12":{"loc":{"start":{"line":184,"column":4},"end":{"line":184,"column":null}},"type":"if","locations":[{"start":{"line":184,"column":4},"end":{"line":184,"column":null}},{"start":{},"end":{}}]},"13":{"loc":{"start":{"line":185,"column":4},"end":{"line":185,"column":null}},"type":"if","locations":[{"start":{"line":185,"column":4},"end":{"line":185,"column":null}},{"start":{},"end":{}}]},"14":{"loc":{"start":{"line":186,"column":4},"end":{"line":189,"column":null}},"type":"if","locations":[{"start":{"line":186,"column":4},"end":{"line":189,"column":null}},{"start":{},"end":{}}]},"15":{"loc":{"start":{"line":188,"column":6},"end":{"line":188,"column":null}},"type":"if","locations":[{"start":{"line":188,"column":6},"end":{"line":188,"column":null}},{"start":{},"end":{}}]},"16":{"loc":{"start":{"line":190,"column":4},"end":{"line":190,"column":null}},"type":"if","locations":[{"start":{"line":190,"column":4},"end":{"line":190,"column":null}},{"start":{},"end":{}}]},"17":{"loc":{"start":{"line":191,"column":4},"end":{"line":193,"column":null}},"type":"if","locations":[{"start":{"line":191,"column":4},"end":{"line":193,"column":null}},{"start":{},"end":{}}]},"18":{"loc":{"start":{"line":191,"column":8},"end":{"line":191,"column":65}},"type":"binary-expr","locations":[{"start":{"line":191,"column":8},"end":{"line":191,"column":45}},{"start":{"line":191,"column":49},"end":{"line":191,"column":65}}]},"19":{"loc":{"start":{"line":194,"column":4},"end":{"line":196,"column":null}},"type":"if","locations":[{"start":{"line":194,"column":4},"end":{"line":196,"column":null}},{"start":{},"end":{}}]},"20":{"loc":{"start":{"line":194,"column":8},"end":{"line":194,"column":59}},"type":"binary-expr","locations":[{"start":{"line":194,"column":8},"end":{"line":194,"column":41}},{"start":{"line":194,"column":45},"end":{"line":194,"column":59}}]}},"s":{"0":10,"1":3,"2":1,"3":1,"4":1,"5":10,"6":7,"7":3,"8":2,"9":6,"10":6,"11":2,"12":2,"13":1,"14":1,"15":4,"16":4,"17":4,"18":0,"19":4,"20":6,"21":4,"22":4,"23":4,"24":0,"25":4,"26":0,"27":4,"28":1,"29":4,"30":0,"31":4,"32":0,"33":4,"34":1,"35":1,"36":1,"37":4,"38":0,"39":4,"40":1,"41":4,"42":0,"43":4},"f":{"0":10,"1":7,"2":3,"3":2,"4":6,"5":6,"6":4},"b":{"0":[0],"1":[2],"2":[2,2,2,1,1,1,1,1,1],"3":[2,4],"4":[1,1],"5":[0,4],"6":[1,5],"7":[5,1],"8":[5,1],"9":[0,4],"10":[0,4],"11":[1,3],"12":[0,4],"13":[0,4],"14":[1,3],"15":[1,0],"16":[0,4],"17":[1,3],"18":[4,1],"19":[0,4],"20":[4,0]}}
,"/Users/tanviralam/Projects/frontend-lead-challenge/src/domain/bookings/sort.ts": {"path":"/Users/tanviralam/Projects/frontend-lead-challenge/src/domain/bookings/sort.ts","statementMap":{"0":{"start":{"line":24,"column":16},"end":{"line":24,"column":null}},"1":{"start":{"line":20,"column":16},"end":{"line":20,"column":38}},"2":{"start":{"line":1,"column":28},"end":{"line":1,"column":null}},"3":{"start":{"line":3,"column":32},"end":{"line":3,"column":null}},"4":{"start":{"line":21,"column":2},"end":{"line":21,"column":null}},"5":{"start":{"line":29,"column":14},"end":{"line":29,"column":null}},"6":{"start":{"line":30,"column":2},"end":{"line":42,"column":null}},"7":{"start":{"line":32,"column":6},"end":{"line":32,"column":null}},"8":{"start":{"line":34,"column":6},"end":{"line":34,"column":null}},"9":{"start":{"line":36,"column":6},"end":{"line":36,"column":null}},"10":{"start":{"line":38,"column":6},"end":{"line":40,"column":null}}},"fnMap":{"0":{"name":"defaultBookingSortDir","decl":{"start":{"line":20,"column":16},"end":{"line":20,"column":38}},"loc":{"start":{"line":20,"column":58},"end":{"line":22,"column":null}}},"1":{"name":"compareBookingRows","decl":{"start":{"line":24,"column":16},"end":{"line":24,"column":null}},"loc":{"start":{"line":27,"column":33},"end":{"line":43,"column":null}}}},"branchMap":{"0":{"loc":{"start":{"line":29,"column":14},"end":{"line":29,"column":null}},"type":"cond-expr","locations":[{"start":{"line":29,"column":35},"end":{"line":29,"column":39}},{"start":{"line":29,"column":39},"end":{"line":29,"column":null}}]},"1":{"loc":{"start":{"line":30,"column":2},"end":{"line":42,"column":null}},"type":"switch","locations":[{"start":{"line":31,"column":4},"end":{"line":32,"column":null}},{"start":{"line":33,"column":4},"end":{"line":34,"column":null}},{"start":{"line":35,"column":4},"end":{"line":36,"column":null}},{"start":{"line":37,"column":4},"end":{"line":40,"column":null}}]}},"s":{"0":17,"1":4,"2":1,"3":1,"4":4,"5":17,"6":17,"7":4,"8":1,"9":4,"10":8},"f":{"0":4,"1":17},"b":{"0":[16,1],"1":[4,1,4,8]}}
,"/Users/tanviralam/Projects/frontend-lead-challenge/src/domain/bookings/status.ts": {"path":"/Users/tanviralam/Projects/frontend-lead-challenge/src/domain/bookings/status.ts","statementMap":{"0":{"start":{"line":24,"column":13},"end":{"line":24,"column":62}},"1":{"start":{"line":45,"column":16},"end":{"line":45,"column":28}},"2":{"start":{"line":40,"column":16},"end":{"line":40,"column":32}},"3":{"start":{"line":24,"column":62},"end":{"line":30,"column":null}},"4":{"start":{"line":32,"column":48},"end":{"line":38,"column":null}},"5":{"start":{"line":41,"column":2},"end":{"line":41,"column":null}},"6":{"start":{"line":46,"column":2},"end":{"line":46,"column":null}}},"fnMap":{"0":{"name":"statusPresenter","decl":{"start":{"line":40,"column":16},"end":{"line":40,"column":32}},"loc":{"start":{"line":40,"column":53},"end":{"line":42,"column":null}}},"1":{"name":"statusLabel","decl":{"start":{"line":45,"column":16},"end":{"line":45,"column":28}},"loc":{"start":{"line":45,"column":49},"end":{"line":47,"column":null}}}},"branchMap":{},"s":{"0":4,"1":2,"2":47,"3":4,"4":4,"5":47,"6":2},"f":{"0":47,"1":2},"b":{}}
,"/Users/tanviralam/Projects/frontend-lead-challenge/src/lib/format.ts": {"path":"/Users/tanviralam/Projects/frontend-lead-challenge/src/lib/format.ts","statementMap":{"0":{"start":{"line":26,"column":16},"end":{"line":26,"column":28}},"1":{"start":{"line":14,"column":16},"end":{"line":14,"column":31}},"2":{"start":{"line":21,"column":16},"end":{"line":21,"column":31}},"3":{"start":{"line":1,"column":18},"end":{"line":7,"column":null}},"4":{"start":{"line":9,"column":15},"end":{"line":11,"column":null}},"5":{"start":{"line":15,"column":12},"end":{"line":15,"column":null}},"6":{"start":{"line":16,"column":2},"end":{"line":16,"column":null}},"7":{"start":{"line":16,"column":33},"end":{"line":16,"column":null}},"8":{"start":{"line":17,"column":2},"end":{"line":17,"column":null}},"9":{"start":{"line":22,"column":2},"end":{"line":22,"column":null}},"10":{"start":{"line":27,"column":12},"end":{"line":27,"column":null}},"11":{"start":{"line":28,"column":2},"end":{"line":28,"column":null}}},"fnMap":{"0":{"name":"formatDateTime","decl":{"start":{"line":14,"column":16},"end":{"line":14,"column":31}},"loc":{"start":{"line":14,"column":42},"end":{"line":18,"column":null}}},"1":{"name":"formatWeightKg","decl":{"start":{"line":21,"column":16},"end":{"line":21,"column":31}},"loc":{"start":{"line":21,"column":41},"end":{"line":23,"column":null}}},"2":{"name":"dateSortKey","decl":{"start":{"line":26,"column":16},"end":{"line":26,"column":28}},"loc":{"start":{"line":26,"column":39},"end":{"line":29,"column":null}}}},"branchMap":{"0":{"loc":{"start":{"line":16,"column":2},"end":{"line":16,"column":null}},"type":"if","locations":[{"start":{"line":16,"column":2},"end":{"line":16,"column":null}},{"start":{},"end":{}}]},"1":{"loc":{"start":{"line":28,"column":9},"end":{"line":28,"column":null}},"type":"cond-expr","locations":[{"start":{"line":28,"column":27},"end":{"line":28,"column":51}},{"start":{"line":28,"column":54},"end":{"line":28,"column":null}}]}},"s":{"0":15,"1":3,"2":3,"3":2,"4":2,"5":3,"6":3,"7":2,"8":1,"9":3,"10":15,"11":15},"f":{"0":3,"1":3,"2":15},"b":{"0":[2,1],"1":[3,12]}}
,"/Users/tanviralam/Projects/frontend-lead-challenge/src/lib/errors/index.ts": {"path":"/Users/tanviralam/Projects/frontend-lead-challenge/src/lib/errors/index.ts","statementMap":{"0":{"start":{"line":2,"column":9},"end":{"line":2,"column":28}},"1":{"start":{"line":1,"column":9},"end":{"line":1,"column":60}},"2":{"start":{"line":1,"column":60},"end":{"line":1,"column":null}},"3":{"start":{"line":2,"column":28},"end":{"line":2,"column":null}}},"fnMap":{},"branchMap":{},"s":{"0":1,"1":7,"2":1,"3":1},"f":{},"b":{}}
,"/Users/tanviralam/Projects/frontend-lead-challenge/src/lib/errors/presenter.ts": {"path":"/Users/tanviralam/Projects/frontend-lead-challenge/src/lib/errors/presenter.ts","statementMap":{"0":{"start":{"line":18,"column":16},"end":{"line":18,"column":36}},"1":{"start":{"line":1,"column":44},"end":{"line":1,"column":null}},"2":{"start":{"line":19,"column":2},"end":{"line":19,"column":null}},"3":{"start":{"line":19,"column":31},"end":{"line":19,"column":null}},"4":{"start":{"line":20,"column":2},"end":{"line":20,"column":null}},"5":{"start":{"line":23,"column":57},"end":{"line":54,"column":null}}},"fnMap":{"0":{"name":"toUserFacingMessage","decl":{"start":{"line":18,"column":16},"end":{"line":18,"column":36}},"loc":{"start":{"line":18,"column":48},"end":{"line":21,"column":null}}}},"branchMap":{"0":{"loc":{"start":{"line":19,"column":2},"end":{"line":19,"column":null}},"type":"if","locations":[{"start":{"line":19,"column":2},"end":{"line":19,"column":null}},{"start":{},"end":{}}]}},"s":{"0":7,"1":1,"2":7,"3":4,"4":3,"5":1},"f":{"0":7},"b":{"0":[4,3]}}
,"/Users/tanviralam/Projects/frontend-lead-challenge/src/lib/errors/report.ts": {"path":"/Users/tanviralam/Projects/frontend-lead-challenge/src/lib/errors/report.ts","statementMap":{"0":{"start":{"line":14,"column":16},"end":{"line":14,"column":28}},"1":{"start":{"line":1,"column":25},"end":{"line":1,"column":null}},"2":{"start":{"line":12,"column":15},"end":{"line":12,"column":null}},"3":{"start":{"line":15,"column":2},"end":{"line":15,"column":null}},"4":{"start":{"line":15,"column":64},"end":{"line":15,"column":null}},"5":{"start":{"line":17,"column":2},"end":{"line":30,"column":null}},"6":{"start":{"line":19,"column":4},"end":{"line":19,"column":null}},"7":{"start":{"line":20,"column":4},"end":{"line":25,"column":null}},"8":{"start":{"line":21,"column":6},"end":{"line":21,"column":null}},"9":{"start":{"line":22,"column":6},"end":{"line":22,"column":null}},"10":{"start":{"line":23,"column":6},"end":{"line":23,"column":null}},"11":{"start":{"line":24,"column":6},"end":{"line":24,"column":null}},"12":{"start":{"line":26,"column":4},"end":{"line":26,"column":null}},"13":{"start":{"line":27,"column":4},"end":{"line":27,"column":null}},"14":{"start":{"line":29,"column":4},"end":{"line":29,"column":null}},"15":{"start":{"line":33,"column":2},"end":{"line":33,"column":null}},"16":{"start":{"line":37,"column":2},"end":{"line":39,"column":null}},"17":{"start":{"line":38,"column":4},"end":{"line":38,"column":null}},"18":{"start":{"line":40,"column":2},"end":{"line":40,"column":null}},"19":{"start":{"line":40,"column":28},"end":{"line":40,"column":null}},"20":{"start":{"line":41,"column":2},"end":{"line":41,"column":null}}},"fnMap":{"0":{"name":"reportError","decl":{"start":{"line":14,"column":16},"end":{"line":14,"column":28}},"loc":{"start":{"line":14,"column":57},"end":{"line":34,"column":null}}},"1":{"name":"summarise","decl":{"start":{"line":36,"column":9},"end":{"line":36,"column":19}},"loc":{"start":{"line":36,"column":31},"end":{"line":42,"column":null}}}},"branchMap":{"0":{"loc":{"start":{"line":12,"column":15},"end":{"line":12,"column":null}},"type":"binary-expr","locations":[{"start":{"line":12,"column":15},"end":{"line":12,"column":35}},{"start":{"line":12,"column":35},"end":{"line":12,"column":null}}]},"1":{"loc":{"start":{"line":15,"column":2},"end":{"line":15,"column":null}},"type":"if","locations":[{"start":{"line":15,"column":2},"end":{"line":15,"column":null}},{"start":{},"end":{}}]},"2":{"loc":{"start":{"line":15,"column":6},"end":{"line":15,"column":64}},"type":"binary-expr","locations":[{"start":{"line":15,"column":6},"end":{"line":15,"column":37}},{"start":{"line":15,"column":37},"end":{"line":15,"column":64}}]},"3":{"loc":{"start":{"line":17,"column":2},"end":{"line":30,"column":null}},"type":"if","locations":[{"start":{"line":17,"column":2},"end":{"line":30,"column":null}},{"start":{},"end":{}}]},"4":{"loc":{"start":{"line":20,"column":4},"end":{"line":25,"column":null}},"type":"if","locations":[{"start":{"line":20,"column":4},"end":{"line":25,"column":null}},{"start":{},"end":{}}]},"5":{"loc":{"start":{"line":37,"column":2},"end":{"line":39,"column":null}},"type":"if","locations":[{"start":{"line":37,"column":2},"end":{"line":39,"column":null}},{"start":{},"end":{}}]},"6":{"loc":{"start":{"line":38,"column":26},"end":{"line":38,"column":44}},"type":"binary-expr","locations":[{"start":{"line":38,"column":26},"end":{"line":38,"column":36}},{"start":{"line":38,"column":40},"end":{"line":38,"column":44}}]},"7":{"loc":{"start":{"line":40,"column":2},"end":{"line":40,"column":null}},"type":"if","locations":[{"start":{"line":40,"column":2},"end":{"line":40,"column":null}},{"start":{},"end":{}}]}},"s":{"0":1,"1":1,"2":1,"3":1,"4":1,"5":0,"6":0,"7":0,"8":0,"9":0,"10":0,"11":0,"12":0,"13":0,"14":0,"15":0,"16":0,"17":0,"18":0,"19":0,"20":0},"f":{"0":1,"1":0},"b":{"0":[1,1],"1":[1,0],"2":[1,1],"3":[0,0],"4":[0,0],"5":[0,0],"6":[0,0],"7":[0,0]}}
,"/Users/tanviralam/Projects/frontend-lead-challenge/src/lib/hooks/useTableSort.ts": {"path":"/Users/tanviralam/Projects/frontend-lead-challenge/src/lib/hooks/useTableSort.ts","statementMap":{"0":{"start":{"line":10,"column":16},"end":{"line":10,"column":null}},"1":{"start":{"line":1,"column":38},"end":{"line":1,"column":null}},"2":{"start":{"line":13,"column":42},"end":{"line":13,"column":47}},"3":{"start":{"line":15,"column":26},"end":{"line":18,"column":null}},"4":{"start":{"line":20,"column":17},"end":{"line":28,"column":null}},"5":{"start":{"line":22,"column":6},"end":{"line":25,"column":null}},"6":{"start":{"line":23,"column":8},"end":{"line":25,"column":null}},"7":{"start":{"line":31,"column":2},"end":{"line":31,"column":null}}},"fnMap":{"0":{"name":"useTableSort","decl":{"start":{"line":10,"column":16},"end":{"line":10,"column":null}},"loc":{"start":{"line":13,"column":47},"end":{"line":32,"column":null}}},"1":{"name":"(anonymous_2)","decl":{"start":{"line":13,"column":36},"end":{"line":13,"column":42}},"loc":{"start":{"line":13,"column":42},"end":{"line":13,"column":47}}},"2":{"name":"(anonymous_3)","decl":{"start":{"line":21,"column":4},"end":{"line":21,"column":5}},"loc":{"start":{"line":21,"column":5},"end":{"line":27,"column":null}}},"3":{"name":"(anonymous_4)","decl":{"start":{"line":22,"column":14},"end":{"line":22,"column":15}},"loc":{"start":{"line":23,"column":8},"end":{"line":25,"column":null}}}},"branchMap":{"0":{"loc":{"start":{"line":12,"column":2},"end":{"line":12,"column":29}},"type":"default-arg","locations":[{"start":{"line":12,"column":24},"end":{"line":12,"column":29}}]},"1":{"loc":{"start":{"line":13,"column":2},"end":{"line":13,"column":47}},"type":"default-arg","locations":[{"start":{"line":13,"column":36},"end":{"line":13,"column":47}}]},"2":{"loc":{"start":{"line":23,"column":8},"end":{"line":25,"column":null}},"type":"cond-expr","locations":[{"start":{"line":24,"column":12},"end":{"line":24,"column":null}},{"start":{"line":25,"column":12},"end":{"line":25,"column":null}}]},"3":{"loc":{"start":{"line":24,"column":24},"end":{"line":24,"column":60}},"type":"cond-expr","locations":[{"start":{"line":24,"column":45},"end":{"line":24,"column":54}},{"start":{"line":24,"column":54},"end":{"line":24,"column":60}}]}},"s":{"0":8,"1":1,"2":0,"3":8,"4":8,"5":3,"6":3,"7":8},"f":{"0":8,"1":0,"2":3,"3":3},"b":{"0":[0],"1":[4],"2":[2,1],"3":[1,1]}}
,"/Users/tanviralam/Projects/frontend-lead-challenge/src/services/api/bookings.ts": {"path":"/Users/tanviralam/Projects/frontend-lead-challenge/src/services/api/bookings.ts","statementMap":{"0":{"start":{"line":18,"column":13},"end":{"line":18,"column":null}},"1":{"start":{"line":55,"column":13},"end":{"line":55,"column":27}},"2":{"start":{"line":2,"column":33},"end":{"line":2,"column":null}},"3":{"start":{"line":19,"column":31},"end":{"line":19,"column":49}},"4":{"start":{"line":22,"column":4},"end":{"line":22,"column":null}},"5":{"start":{"line":26,"column":4},"end":{"line":26,"column":null}},"6":{"start":{"line":30,"column":4},"end":{"line":30,"column":null}},"7":{"start":{"line":34,"column":4},"end":{"line":37,"column":null}},"8":{"start":{"line":46,"column":4},"end":{"line":49,"column":null}},"9":{"start":{"line":55,"column":27},"end":{"line":55,"column":null}}},"fnMap":{"0":{"name":"(anonymous_3)","decl":{"start":{"line":19,"column":2},"end":{"line":19,"column":14}},"loc":{"start":{"line":19,"column":57},"end":{"line":19,"column":null}}},"1":{"name":"(anonymous_4)","decl":{"start":{"line":21,"column":2},"end":{"line":21,"column":15}},"loc":{"start":{"line":21,"column":57},"end":{"line":23,"column":null}}},"2":{"name":"(anonymous_5)","decl":{"start":{"line":25,"column":2},"end":{"line":25,"column":16}},"loc":{"start":{"line":25,"column":59},"end":{"line":27,"column":null}}},"3":{"name":"(anonymous_6)","decl":{"start":{"line":29,"column":2},"end":{"line":29,"column":14}},"loc":{"start":{"line":29,"column":55},"end":{"line":31,"column":null}}},"4":{"name":"(anonymous_7)","decl":{"start":{"line":33,"column":2},"end":{"line":33,"column":9}},"loc":{"start":{"line":33,"column":76},"end":{"line":39,"column":null}}},"5":{"name":"(anonymous_8)","decl":{"start":{"line":41,"column":2},"end":{"line":41,"column":null}},"loc":{"start":{"line":45,"column":22},"end":{"line":51,"column":null}}}},"branchMap":{"0":{"loc":{"start":{"line":19,"column":14},"end":{"line":19,"column":55}},"type":"default-arg","locations":[{"start":{"line":19,"column":49},"end":{"line":19,"column":55}}]}},"s":{"0":2,"1":0,"2":3,"3":5,"4":10,"5":1,"6":1,"7":1,"8":2,"9":3},"f":{"0":5,"1":10,"2":1,"3":1,"4":1,"5":2},"b":{"0":[4]}}
,"/Users/tanviralam/Projects/frontend-lead-challenge/src/services/api/errors.ts": {"path":"/Users/tanviralam/Projects/frontend-lead-challenge/src/services/api/errors.ts","statementMap":{"0":{"start":{"line":17,"column":13},"end":{"line":17,"column":30}},"1":{"start":{"line":82,"column":16},"end":{"line":82,"column":31}},"2":{"start":{"line":1,"column":18},"end":{"line":1,"column":null}},"3":{"start":{"line":2,"column":35},"end":{"line":2,"column":null}},"4":{"start":{"line":31,"column":4},"end":{"line":31,"column":null}},"5":{"start":{"line":32,"column":4},"end":{"line":32,"column":null}},"6":{"start":{"line":33,"column":4},"end":{"line":33,"column":null}},"7":{"start":{"line":34,"column":4},"end":{"line":34,"column":null}},"8":{"start":{"line":35,"column":4},"end":{"line":35,"column":null}},"9":{"start":{"line":36,"column":4},"end":{"line":36,"column":null}},"10":{"start":{"line":48,"column":4},"end":{"line":48,"column":null}},"11":{"start":{"line":48,"column":29},"end":{"line":48,"column":null}},"12":{"start":{"line":50,"column":17},"end":{"line":50,"column":26}},"13":{"start":{"line":51,"column":16},"end":{"line":51,"column":null}},"14":{"start":{"line":52,"column":4},"end":{"line":52,"column":null}},"15":{"start":{"line":52,"column":14},"end":{"line":52,"column":null}},"16":{"start":{"line":54,"column":4},"end":{"line":74,"column":null}},"17":{"start":{"line":55,"column":30},"end":{"line":55,"column":null}},"18":{"start":{"line":56,"column":6},"end":{"line":56,"column":null}},"19":{"start":{"line":56,"column":34},"end":{"line":56,"column":null}},"20":{"start":{"line":58,"column":21},"end":{"line":68,"column":null}},"21":{"start":{"line":61,"column":12},"end":{"line":61,"column":null}},"22":{"start":{"line":63,"column":21},"end":{"line":68,"column":null}},"23":{"start":{"line":70,"column":6},"end":{"line":70,"column":null}},"24":{"start":{"line":70,"column":31},"end":{"line":70,"column":null}},"25":{"start":{"line":71,"column":6},"end":{"line":71,"column":null}},"26":{"start":{"line":73,"column":6},"end":{"line":73,"column":null}},"27":{"start":{"line":83,"column":2},"end":{"line":83,"column":null}},"28":{"start":{"line":83,"column":21},"end":{"line":83,"column":null}},"29":{"start":{"line":84,"column":2},"end":{"line":84,"column":null}},"30":{"start":{"line":84,"column":22},"end":{"line":84,"column":null}},"31":{"start":{"line":85,"column":2},"end":{"line":85,"column":null}},"32":{"start":{"line":85,"column":21},"end":{"line":85,"column":null}},"33":{"start":{"line":86,"column":2},"end":{"line":86,"column":null}}},"fnMap":{"0":{"name":"(anonymous_3)","decl":{"start":{"line":24,"column":2},"end":{"line":24,"column":14}},"loc":{"start":{"line":30,"column":5},"end":{"line":37,"column":null}}},"1":{"name":"(anonymous_4)","decl":{"start":{"line":47,"column":2},"end":{"line":47,"column":47}},"loc":{"start":{"line":47,"column":47},"end":{"line":75,"column":null}}},"2":{"name":"(anonymous_5)","decl":{"start":{"line":60,"column":10},"end":{"line":60,"column":11}},"loc":{"start":{"line":61,"column":12},"end":{"line":61,"column":null}}},"3":{"name":"(anonymous_6)","decl":{"start":{"line":63,"column":13},"end":{"line":63,"column":14}},"loc":{"start":{"line":63,"column":21},"end":{"line":68,"column":null}}},"4":{"name":"classifyStatus","decl":{"start":{"line":82,"column":16},"end":{"line":82,"column":31}},"loc":{"start":{"line":82,"column":45},"end":{"line":87,"column":null}}}},"branchMap":{"0":{"loc":{"start":{"line":48,"column":4},"end":{"line":48,"column":null}},"type":"if","locations":[{"start":{"line":48,"column":4},"end":{"line":48,"column":null}},{"start":{},"end":{}}]},"1":{"loc":{"start":{"line":52,"column":4},"end":{"line":52,"column":null}},"type":"if","locations":[{"start":{"line":52,"column":4},"end":{"line":52,"column":null}},{"start":{},"end":{}}]},"2":{"loc":{"start":{"line":56,"column":6},"end":{"line":56,"column":null}},"type":"if","locations":[{"start":{"line":56,"column":6},"end":{"line":56,"column":null}},{"start":{},"end":{}}]},"3":{"loc":{"start":{"line":61,"column":12},"end":{"line":61,"column":null}},"type":"binary-expr","locations":[{"start":{"line":61,"column":12},"end":{"line":61,"column":37}},{"start":{"line":61,"column":37},"end":{"line":61,"column":null}}]},"4":{"loc":{"start":{"line":65,"column":16},"end":{"line":65,"column":76}},"type":"cond-expr","locations":[{"start":{"line":65,"column":41},"end":{"line":65,"column":47}},{"start":{"line":65,"column":74},"end":{"line":65,"column":76}}]},"5":{"loc":{"start":{"line":67,"column":12},"end":{"line":67,"column":null}},"type":"cond-expr","locations":[{"start":{"line":67,"column":44},"end":{"line":67,"column":53}},{"start":{"line":67,"column":56},"end":{"line":67,"column":null}}]},"6":{"loc":{"start":{"line":70,"column":6},"end":{"line":70,"column":null}},"type":"if","locations":[{"start":{"line":70,"column":6},"end":{"line":70,"column":null}},{"start":{},"end":{}}]},"7":{"loc":{"start":{"line":83,"column":2},"end":{"line":83,"column":null}},"type":"if","locations":[{"start":{"line":83,"column":2},"end":{"line":83,"column":null}},{"start":{},"end":{}}]},"8":{"loc":{"start":{"line":84,"column":2},"end":{"line":84,"column":null}},"type":"if","locations":[{"start":{"line":84,"column":2},"end":{"line":84,"column":null}},{"start":{},"end":{}}]},"9":{"loc":{"start":{"line":85,"column":2},"end":{"line":85,"column":null}},"type":"if","locations":[{"start":{"line":85,"column":2},"end":{"line":85,"column":null}},{"start":{},"end":{}}]}},"s":{"0":21,"1":6,"2":3,"3":3,"4":11,"5":11,"6":11,"7":11,"8":11,"9":11,"10":2,"11":0,"12":2,"13":2,"14":2,"15":0,"16":2,"17":2,"18":1,"19":0,"20":1,"21":2,"22":2,"23":1,"24":0,"25":1,"26":1,"27":6,"28":2,"29":4,"30":3,"31":1,"32":1,"33":0},"f":{"0":11,"1":2,"2":2,"3":2,"4":6},"b":{"0":[0,2],"1":[0,2],"2":[0,1],"3":[2,2],"4":[2,0],"5":[2,0],"6":[0,1],"7":[2,4],"8":[3,1],"9":[1,0]}}
,"/Users/tanviralam/Projects/frontend-lead-challenge/src/services/api/http.ts": {"path":"/Users/tanviralam/Projects/frontend-lead-challenge/src/services/api/http.ts","statementMap":{"0":{"start":{"line":69,"column":13},"end":{"line":69,"column":23}},"1":{"start":{"line":14,"column":22},"end":{"line":14,"column":null}},"2":{"start":{"line":1,"column":41},"end":{"line":1,"column":null}},"3":{"start":{"line":20,"column":2},"end":{"line":42,"column":null}},"4":{"start":{"line":21,"column":4},"end":{"line":29,"column":null}},"5":{"start":{"line":31,"column":4},"end":{"line":31,"column":null}},"6":{"start":{"line":31,"column":66},"end":{"line":31,"column":null}},"7":{"start":{"line":32,"column":4},"end":{"line":41,"column":null}},"8":{"start":{"line":45,"column":2},"end":{"line":45,"column":null}},"9":{"start":{"line":45,"column":26},"end":{"line":45,"column":null}},"10":{"start":{"line":47,"column":2},"end":{"line":64,"column":null}},"11":{"start":{"line":48,"column":24},"end":{"line":48,"column":null}},"12":{"start":{"line":49,"column":4},"end":{"line":53,"column":null}},"13":{"start":{"line":50,"column":6},"end":{"line":50,"column":null}},"14":{"start":{"line":55,"column":6},"end":{"line":56,"column":52}},"15":{"start":{"line":57,"column":4},"end":{"line":63,"column":null}},"16":{"start":{"line":66,"column":2},"end":{"line":66,"column":null}},"17":{"start":{"line":69,"column":23},"end":{"line":70,"column":null}},"18":{"start":{"line":70,"column":2},"end":{"line":70,"column":null}}},"fnMap":{"0":{"name":"request","decl":{"start":{"line":14,"column":22},"end":{"line":14,"column":null}},"loc":{"start":{"line":17,"column":22},"end":{"line":67,"column":null}}},"1":{"name":"(anonymous_4)","decl":{"start":{"line":69,"column":23},"end":{"line":69,"column":27}},"loc":{"start":{"line":70,"column":2},"end":{"line":70,"column":null}}}},"branchMap":{"0":{"loc":{"start":{"line":16,"column":2},"end":{"line":16,"column":24}},"type":"default-arg","locations":[{"start":{"line":16,"column":22},"end":{"line":16,"column":24}}]},"1":{"loc":{"start":{"line":26,"column":12},"end":{"line":26,"column":67}},"type":"cond-expr","locations":[{"start":{"line":26,"column":24},"end":{"line":26,"column":65}},{"start":{"line":26,"column":65},"end":{"line":26,"column":67}}]},"2":{"loc":{"start":{"line":31,"column":4},"end":{"line":31,"column":null}},"type":"if","locations":[{"start":{"line":31,"column":4},"end":{"line":31,"column":null}},{"start":{},"end":{}}]},"3":{"loc":{"start":{"line":31,"column":8},"end":{"line":31,"column":66}},"type":"binary-expr","locations":[{"start":{"line":31,"column":8},"end":{"line":31,"column":39}},{"start":{"line":31,"column":39},"end":{"line":31,"column":66}}]},"4":{"loc":{"start":{"line":36,"column":8},"end":{"line":38,"column":46}},"type":"cond-expr","locations":[{"start":{"line":37,"column":12},"end":{"line":37,"column":23}},{"start":{"line":38,"column":12},"end":{"line":38,"column":46}}]},"5":{"loc":{"start":{"line":45,"column":2},"end":{"line":45,"column":null}},"type":"if","locations":[{"start":{"line":45,"column":2},"end":{"line":45,"column":null}},{"start":{},"end":{}}]},"6":{"loc":{"start":{"line":47,"column":2},"end":{"line":64,"column":null}},"type":"if","locations":[{"start":{"line":47,"column":2},"end":{"line":64,"column":null}},{"start":{},"end":{}}]},"7":{"loc":{"start":{"line":55,"column":6},"end":{"line":56,"column":52}},"type":"binary-expr","locations":[{"start":{"line":55,"column":6},"end":{"line":55,"column":null}},{"start":{"line":56,"column":6},"end":{"line":56,"column":52}}]}},"s":{"0":12,"1":3,"2":3,"3":15,"4":15,"5":2,"6":1,"7":1,"8":13,"9":0,"10":13,"11":6,"12":6,"13":6,"14":6,"15":6,"16":7,"17":3,"18":12},"f":{"0":15,"1":12},"b":{"0":[0],"1":[3,12],"2":[1,1],"3":[2,1],"4":[1,0],"5":[0,13],"6":[6,7],"7":[6,0]}}
,"/Users/tanviralam/Projects/frontend-lead-challenge/src/services/api/index.ts": {"path":"/Users/tanviralam/Projects/frontend-lead-challenge/src/services/api/index.ts","statementMap":{"0":{"start":{"line":1,"column":9},"end":{"line":1,"column":19}},"1":{"start":{"line":3,"column":9},"end":{"line":3,"column":22}},"2":{"start":{"line":5,"column":2},"end":{"line":5,"column":null}},"3":{"start":{"line":3,"column":22},"end":{"line":3,"column":41}},"4":{"start":{"line":1,"column":19},"end":{"line":1,"column":60}},"5":{"start":{"line":6,"column":2},"end":{"line":6,"column":null}},"6":{"start":{"line":2,"column":18},"end":{"line":2,"column":33}},"7":{"start":{"line":7,"column":2},"end":{"line":7,"column":null}},"8":{"start":{"line":2,"column":9},"end":{"line":2,"column":18}},"9":{"start":{"line":8,"column":2},"end":{"line":8,"column":null}},"10":{"start":{"line":1,"column":60},"end":{"line":1,"column":null}},"11":{"start":{"line":2,"column":33},"end":{"line":2,"column":null}},"12":{"start":{"line":3,"column":41},"end":{"line":3,"column":null}},"13":{"start":{"line":11,"column":7},"end":{"line":11,"column":null}}},"fnMap":{},"branchMap":{},"s":{"0":7,"1":2,"2":0,"3":0,"4":0,"5":15,"6":0,"7":3,"8":0,"9":3,"10":3,"11":3,"12":3,"13":3},"f":{},"b":{}}
,"/Users/tanviralam/Projects/frontend-lead-challenge/src/services/api/schemas.ts": {"path":"/Users/tanviralam/Projects/frontend-lead-challenge/src/services/api/schemas.ts","statementMap":{"0":{"start":{"line":20,"column":13},"end":{"line":20,"column":35}},"1":{"start":{"line":28,"column":13},"end":{"line":28,"column":35}},"2":{"start":{"line":51,"column":13},"end":{"line":51,"column":34}},"3":{"start":{"line":58,"column":16},"end":{"line":58,"column":35}},"4":{"start":{"line":18,"column":18},"end":{"line":18,"column":null}},"5":{"start":{"line":20,"column":35},"end":{"line":26,"column":null}},"6":{"start":{"line":28,"column":35},"end":{"line":47,"column":null}},"7":{"start":{"line":42,"column":19},"end":{"line":42,"column":57}},"8":{"start":{"line":46,"column":19},"end":{"line":46,"column":57}},"9":{"start":{"line":51,"column":34},"end":{"line":51,"column":null}},"10":{"start":{"line":59,"column":38},"end":{"line":59,"column":null}},"11":{"start":{"line":60,"column":2},"end":{"line":63,"column":null}},"12":{"start":{"line":61,"column":16},"end":{"line":61,"column":null}},"13":{"start":{"line":62,"column":4},"end":{"line":62,"column":null}},"14":{"start":{"line":62,"column":19},"end":{"line":62,"column":null}},"15":{"start":{"line":64,"column":2},"end":{"line":64,"column":null}}},"fnMap":{"0":{"name":"(anonymous_5)","decl":{"start":{"line":42,"column":12},"end":{"line":42,"column":13}},"loc":{"start":{"line":42,"column":19},"end":{"line":42,"column":57}}},"1":{"name":"(anonymous_6)","decl":{"start":{"line":46,"column":12},"end":{"line":46,"column":13}},"loc":{"start":{"line":46,"column":19},"end":{"line":46,"column":57}}},"2":{"name":"zodErrorToFieldMap","decl":{"start":{"line":58,"column":16},"end":{"line":58,"column":35}},"loc":{"start":{"line":58,"column":50},"end":{"line":65,"column":null}}}},"branchMap":{"0":{"loc":{"start":{"line":61,"column":16},"end":{"line":61,"column":null}},"type":"cond-expr","locations":[{"start":{"line":61,"column":40},"end":{"line":61,"column":63}},{"start":{"line":61,"column":63},"end":{"line":61,"column":null}}]},"1":{"loc":{"start":{"line":62,"column":4},"end":{"line":62,"column":null}},"type":"if","locations":[{"start":{"line":62,"column":4},"end":{"line":62,"column":null}},{"start":{},"end":{}}]}},"s":{"0":0,"1":17,"2":7,"3":5,"4":4,"5":4,"6":4,"7":17,"8":16,"9":4,"10":5,"11":5,"12":23,"13":23,"14":20,"15":5},"f":{"0":17,"1":16,"2":5},"b":{"0":[22,1],"1":[20,3]}}
}
