TN:
SF:src/components/bookings/StatusBadge.tsx
FN:25,StatusBadge
FN:56,ClockIcon
FN:65,CheckIcon
FN:74,TruckIcon
FN:85,PackageCheckIcon
FN:96,XCircleIcon
FNF:6
FNH:6
FNDA:12,StatusBadge
FNDA:3,ClockIcon
FNDA:2,CheckIcon
FNDA:3,TruckIcon
FNDA:2,PackageCheckIcon
FNDA:2,XCircleIcon
DA:9,1
DA:25,12
DA:26,12
DA:28,12
DA:45,1
LF:5
LH:5
BRF:0
BRH:0
end_of_record
TN:
SF:src/components/ui/Field.tsx
FN:3,Field
FN:62,TextInput
FN:68,NumberInput
FN:80,SelectInput
FN:88,DateTimeInput
FNF:5
FNH:2
FNDA:6,Field
FNDA:7,TextInput
FNDA:0,NumberInput
FNDA:0,SelectInput
FNDA:0,DateTimeInput
DA:1,1
DA:3,6
DA:22,6
DA:23,6
DA:60,1
DA:62,7
DA:68,0
DA:80,0
DA:88,0
LF:9
LH:6
BRDA:11,0,0,6
BRDA:23,1,0,6
BRDA:23,1,1,5
BRDA:33,2,0,1
BRDA:33,2,1,5
BRDA:39,3,0,1
BRDA:39,3,1,5
BRDA:46,4,0,2
BRDA:46,4,1,4
BRDA:49,5,0,1
BRDA:49,5,1,1
BRDA:50,6,0,1
BRDA:50,6,1,1
BRDA:52,7,0,2
BRDA:52,7,1,1
BRDA:64,8,0,7
BRDA:64,8,1,7
BRDA:75,9,0,0
BRDA:75,9,1,0
BRDA:84,10,0,0
BRDA:84,10,1,0
BRDA:95,11,0,0
BRDA:95,11,1,0
BRF:23
BRH:17
end_of_record
TN:
SF:src/lib/errors.ts
FN:36,toUserFacingMessage
FN:92,reportError
FN:121,summarise
FNF:3
FNH:2
FNDA:7,toUserFacingMessage
FNDA:1,reportError
FNDA:0,summarise
DA:15,1
DA:36,7
DA:37,7
DA:38,4
DA:41,3
DA:44,1
DA:81,1
DA:92,1
DA:93,1
DA:96,1
DA:99,0
DA:102,0
DA:103,0
DA:104,0
DA:105,0
DA:106,0
DA:107,0
DA:109,0
DA:110,0
DA:112,0
DA:118,0
DA:122,0
DA:123,0
DA:125,0
DA:126,0
LF:25
LH:10
BRDA:37,0,0,4
BRDA:37,0,1,3
BRDA:81,1,0,1
BRDA:81,1,1,1
BRDA:93,2,0,1
BRDA:93,2,1,0
BRDA:93,3,0,1
BRDA:93,3,1,1
BRDA:99,4,0,0
BRDA:99,4,1,0
BRDA:103,5,0,0
BRDA:103,5,1,0
BRDA:122,6,0,0
BRDA:122,6,1,0
BRDA:123,7,0,0
BRDA:123,7,1,0
BRDA:125,8,0,0
BRDA:125,8,1,0
BRF:18
BRH:7
end_of_record
TN:
SF:src/lib/format.ts
FN:14,formatDateTime
FN:21,formatWeightKg
FN:26,dateSortKey
FNF:3
FNH:3
FNDA:3,formatDateTime
FNDA:3,formatWeightKg
FNDA:15,dateSortKey
DA:1,2
DA:9,2
DA:14,3
DA:15,3
DA:16,3
DA:17,1
DA:21,3
DA:22,3
DA:26,15
DA:27,15
DA:28,15
LF:11
LH:11
BRDA:16,0,0,2
BRDA:16,0,1,1
BRDA:28,1,0,3
BRDA:28,1,1,12
BRF:4
BRH:4
end_of_record
TN:
SF:src/lib/api/client.ts
FN:35,(anonymous_3)
FN:51,request
FN:117,(anonymous_5)
FN:121,(anonymous_6)
FN:123,(anonymous_7)
FN:125,(anonymous_8)
FN:128,(anonymous_9)
FN:135,(anonymous_10)
FNF:8
FNH:8
FNDA:9,(anonymous_3)
FNDA:12,request
FNDA:9,(anonymous_5)
FNDA:7,(anonymous_6)
FNDA:1,(anonymous_7)
FNDA:1,(anonymous_8)
FNDA:1,(anonymous_9)
FNDA:2,(anonymous_10)
DA:26,13
DA:42,9
DA:43,9
DA:44,9
DA:45,9
DA:46,9
DA:47,9
DA:57,12
DA:58,12
DA:71,2
DA:72,1
DA:85,10
DA:87,10
DA:88,4
DA:89,4
DA:90,4
DA:95,4
DA:103,4
DA:105,4
DA:114,6
DA:117,2
DA:118,9
DA:120,12
DA:122,7
DA:124,1
DA:126,1
DA:129,1
DA:140,2
LF:28
LH:28
BRDA:53,0,0,0
BRDA:63,1,0,3
BRDA:63,1,1,9
BRDA:71,2,0,1
BRDA:71,2,1,1
BRDA:71,3,0,2
BRDA:71,3,1,1
BRDA:76,4,0,1
BRDA:76,4,1,0
BRDA:85,5,0,0
BRDA:85,5,1,10
BRDA:87,6,0,4
BRDA:87,6,1,6
BRDA:95,7,0,2
BRDA:95,7,1,2
BRDA:97,8,0,1
BRDA:97,8,1,1
BRDA:99,9,0,1
BRDA:99,9,1,0
BRDA:103,10,0,4
BRDA:103,10,1,0
BRF:21
BRH:16
end_of_record
TN:
SF:src/lib/api/schemas.ts
FN:54,(anonymous_5)
FN:58,(anonymous_6)
FN:75,zodErrorToFieldMap
FNF:3
FNH:3
FNDA:14,(anonymous_5)
FNDA:14,(anonymous_6)
FNDA:3,zodErrorToFieldMap
DA:20,1
DA:22,1
DA:40,15
DA:54,14
DA:58,14
DA:64,3
DA:75,3
DA:76,3
DA:77,3
DA:78,11
DA:79,11
DA:81,3
LF:12
LH:12
BRDA:78,0,0,10
BRDA:78,0,1,1
BRDA:79,1,0,10
BRDA:79,1,1,1
BRF:4
BRH:4
end_of_record
TN:
SF:src/lib/filters/bookings.ts
FN:26,isEmpty
FN:35,matchesFilters
FN:55,parseSearch
FN:58,(anonymous_15)
FN:59,(anonymous_16)
FN:69,filtersToSearch
FN:78,nonEmpty
FN:84,toggleStatus
FN:89,(anonymous_20)
FN:93,setCustomer
FN:100,setVessel
FN:107,setSearch
FN:111,removeStatus
FN:115,(anonymous_25)
FNF:14
FNH:13
FNDA:6,isEmpty
FNDA:11,matchesFilters
FNDA:4,parseSearch
FNDA:6,(anonymous_15)
FNDA:6,(anonymous_16)
FNDA:3,filtersToSearch
FNDA:8,nonEmpty
FNDA:2,toggleStatus
FNDA:1,(anonymous_20)
FNDA:1,setCustomer
FNDA:1,setVessel
FNDA:1,setSearch
FNDA:1,removeStatus
FNDA:0,(anonymous_25)
DA:4,1
DA:19,20
DA:26,6
DA:27,6
DA:35,11
DA:36,11
DA:37,9
DA:38,9
DA:40,8
DA:41,8
DA:43,7
DA:53,1
DA:55,4
DA:56,4
DA:58,6
DA:59,6
DA:61,4
DA:69,3
DA:70,3
DA:79,8
DA:80,3
DA:81,3
DA:84,2
DA:88,2
DA:89,1
DA:93,1
DA:97,1
DA:100,1
DA:104,1
DA:107,1
DA:108,1
DA:111,1
DA:115,1
LF:33
LH:33
BRDA:28,0,0,6
BRDA:28,0,1,5
BRDA:28,0,2,4
BRDA:28,0,3,3
BRDA:36,1,0,2
BRDA:36,1,1,9
BRDA:36,2,0,11
BRDA:36,2,1,6
BRDA:37,3,0,0
BRDA:37,3,1,9
BRDA:37,4,0,9
BRDA:37,4,1,0
BRDA:38,5,0,1
BRDA:38,5,1,8
BRDA:38,6,0,9
BRDA:38,6,1,2
BRDA:41,7,0,1
BRDA:41,7,1,7
BRDA:41,8,0,8
BRDA:41,8,1,3
BRDA:56,9,0,4
BRDA:56,9,1,1
BRDA:65,10,0,4
BRDA:65,10,1,2
BRDA:71,11,0,1
BRDA:71,11,1,2
BRDA:72,12,0,3
BRDA:72,12,1,2
BRDA:73,13,0,3
BRDA:73,13,1,2
BRDA:74,14,0,1
BRDA:74,14,1,2
BRDA:79,15,0,5
BRDA:79,15,1,3
BRDA:81,16,0,1
BRDA:81,16,1,2
BRDA:88,17,0,1
BRDA:88,17,1,1
BRF:38
BRH:36
end_of_record
TN:
SF:src/lib/hooks/useTableSort.ts
FN:10,useTableSort
FN:13,(anonymous_2)
FN:21,(anonymous_3)
FN:22,(anonymous_4)
FNF:4
FNH:3
FNDA:8,useTableSort
FNDA:0,(anonymous_2)
FNDA:3,(anonymous_3)
FNDA:3,(anonymous_4)
DA:1,1
DA:10,8
DA:13,0
DA:15,8
DA:20,8
DA:22,3
DA:23,3
DA:31,8
LF:8
LH:7
BRDA:12,0,0,0
BRDA:13,1,0,4
BRDA:23,2,0,2
BRDA:23,2,1,1
BRDA:24,3,0,1
BRDA:24,3,1,1
BRF:6
BRH:5
end_of_record
TN:
SF:src/lib/sort/bookings.ts
FN:19,defaultBookingSortDir
FN:23,compareBookingRows
FNF:2
FNH:2
FNDA:4,defaultBookingSortDir
FNDA:17,compareBookingRows
DA:3,1
DA:11,1
DA:19,4
DA:20,4
DA:23,17
DA:28,17
DA:29,17
DA:31,4
DA:33,1
DA:35,4
DA:37,8
LF:11
LH:11
BRDA:28,0,0,16
BRDA:28,0,1,1
BRDA:29,1,0,4
BRDA:29,1,1,1
BRDA:29,1,2,4
BRDA:29,1,3,8
BRF:6
BRH:6
end_of_record
