TN:
SF:src/components/bookings/StatusBadge.tsx
FN:35,StatusBadge
FNF:1
FNH:1
FNDA:12,StatusBadge
DA:1,1
DA:2,1
DA:11,1
DA:27,1
DA:35,12
DA:40,12
DA:41,12
DA:43,12
LF:8
LH:8
BRF:0
BRH:0
end_of_record
TN:
SF:src/components/ui/Field.tsx
FN:3,Field
FN:62,TextInput
FN:68,NumberInput
FN:80,SelectInput
FN:88,DateTimeInput
FNF:5
FNH:2
FNDA:6,Field
FNDA:7,TextInput
FNDA:0,NumberInput
FNDA:0,SelectInput
FNDA:0,DateTimeInput
DA:1,1
DA:3,6
DA:22,6
DA:23,6
DA:60,1
DA:62,7
DA:68,0
DA:80,0
DA:88,0
LF:9
LH:6
BRDA:11,0,0,6
BRDA:23,1,0,6
BRDA:23,1,1,5
BRDA:33,2,0,1
BRDA:33,2,1,5
BRDA:39,3,0,1
BRDA:39,3,1,5
BRDA:46,4,0,2
BRDA:46,4,1,4
BRDA:49,5,0,1
BRDA:49,5,1,1
BRDA:50,6,0,1
BRDA:50,6,1,1
BRDA:52,7,0,2
BRDA:52,7,1,1
BRDA:64,8,0,7
BRDA:64,8,1,7
BRDA:75,9,0,0
BRDA:75,9,1,0
BRDA:84,10,0,0
BRDA:84,10,1,0
BRDA:95,11,0,0
BRDA:95,11,1,0
BRF:23
BRH:17
end_of_record
TN:
SF:src/components/ui/StatusIcons.tsx
FN:23,ClockIcon
FN:32,CheckIcon
FN:41,TruckIcon
FN:52,PackageCheckIcon
FN:63,XCircleIcon
FNF:5
FNH:5
FNDA:3,ClockIcon
FNDA:2,CheckIcon
FNDA:3,TruckIcon
FNDA:2,PackageCheckIcon
FNDA:2,XCircleIcon
DA:12,1
DA:23,1
DA:32,1
DA:41,1
DA:52,1
DA:63,1
LF:6
LH:6
BRF:0
BRH:0
end_of_record
TN:
SF:src/domain/time.ts
FN:21,isoToLocal
FN:24,(anonymous_4)
FN:33,localToIso
FNF:3
FNH:3
FNDA:14,isoToLocal
FNDA:56,(anonymous_4)
FNDA:11,localToIso
DA:21,14
DA:22,14
DA:23,14
DA:24,56
DA:25,14
DA:33,11
DA:34,11
LF:7
LH:7
BRDA:23,0,0,0
BRDA:23,0,1,14
BRF:2
BRH:1
end_of_record
TN:
SF:src/domain/bookings/filters.ts
FN:34,isEmpty
FN:43,matchesFilters
FN:67,parseSearch
FN:70,(anonymous_14)
FN:71,(anonymous_15)
FN:81,filtersToSearch
FN:90,nonEmpty
FN:100,toggleStatus
FN:105,(anonymous_19)
FN:109,setCustomer
FN:116,setVessel
FN:123,setSearch
FN:127,removeStatus
FN:131,(anonymous_24)
FNF:14
FNH:13
FNDA:6,isEmpty
FNDA:11,matchesFilters
FNDA:4,parseSearch
FNDA:6,(anonymous_14)
FNDA:6,(anonymous_15)
FNDA:3,filtersToSearch
FNDA:8,nonEmpty
FNDA:2,toggleStatus
FNDA:1,(anonymous_19)
FNDA:1,setCustomer
FNDA:1,setVessel
FNDA:1,setSearch
FNDA:1,removeStatus
FNDA:0,(anonymous_24)
DA:1,1
DA:27,20
DA:34,6
DA:35,6
DA:43,11
DA:44,11
DA:45,9
DA:46,9
DA:48,8
DA:49,8
DA:51,7
DA:65,1
DA:67,4
DA:68,4
DA:70,6
DA:71,6
DA:73,4
DA:81,3
DA:82,3
DA:91,8
DA:92,3
DA:93,3
DA:100,2
DA:104,2
DA:105,1
DA:109,1
DA:113,1
DA:116,1
DA:120,1
DA:123,1
DA:124,1
DA:127,1
DA:131,1
LF:33
LH:33
BRDA:36,0,0,6
BRDA:36,0,1,5
BRDA:36,0,2,4
BRDA:36,0,3,3
BRDA:44,1,0,2
BRDA:44,1,1,9
BRDA:44,2,0,11
BRDA:44,2,1,6
BRDA:45,3,0,0
BRDA:45,3,1,9
BRDA:45,4,0,9
BRDA:45,4,1,0
BRDA:46,5,0,1
BRDA:46,5,1,8
BRDA:46,6,0,9
BRDA:46,6,1,2
BRDA:49,7,0,1
BRDA:49,7,1,7
BRDA:49,8,0,8
BRDA:49,8,1,3
BRDA:68,9,0,4
BRDA:68,9,1,1
BRDA:77,10,0,4
BRDA:77,10,1,2
BRDA:83,11,0,1
BRDA:83,11,1,2
BRDA:84,12,0,3
BRDA:84,12,1,2
BRDA:85,13,0,3
BRDA:85,13,1,2
BRDA:86,14,0,1
BRDA:86,14,1,2
BRDA:91,15,0,5
BRDA:91,15,1,3
BRDA:93,16,0,1
BRDA:93,16,1,2
BRDA:104,17,0,1
BRDA:104,17,1,1
BRF:38
BRH:36
end_of_record
TN:
SF:src/domain/bookings/form.ts
FN:79,(anonymous_3)
FN:84,(anonymous_4)
FN:99,(anonymous_5)
FN:104,(anonymous_6)
FN:128,(anonymous_7)
FN:159,(anonymous_8)
FN:177,(anonymous_9)
FNF:7
FNH:7
FNDA:10,(anonymous_3)
FNDA:7,(anonymous_4)
FNDA:3,(anonymous_5)
FNDA:2,(anonymous_6)
FNDA:6,(anonymous_7)
FNDA:6,(anonymous_8)
FNDA:4,(anonymous_9)
DA:1,1
DA:10,1
DA:54,3
DA:76,10
DA:80,10
DA:85,7
DA:100,3
DA:105,2
DA:129,6
DA:131,6
DA:132,2
DA:133,2
DA:134,1
DA:136,1
DA:142,4
DA:143,4
DA:144,4
DA:145,0
DA:147,4
DA:160,6
DA:178,4
DA:179,4
DA:181,4
DA:182,4
DA:183,4
DA:184,4
DA:185,4
DA:186,4
DA:187,1
DA:188,1
DA:190,4
DA:191,4
DA:192,1
DA:194,4
DA:195,0
DA:197,4
LF:36
LH:34
BRDA:79,0,0,0
BRDA:104,1,0,2
BRDA:106,2,0,2
BRDA:106,2,1,2
BRDA:106,2,2,2
BRDA:106,2,3,1
BRDA:106,2,4,1
BRDA:106,2,5,1
BRDA:106,2,6,1
BRDA:106,2,7,1
BRDA:106,2,8,1
BRDA:131,3,0,2
BRDA:131,3,1,4
BRDA:133,4,0,1
BRDA:133,4,1,1
BRDA:144,5,0,0
BRDA:144,5,1,4
BRDA:166,6,0,1
BRDA:166,6,1,5
BRDA:168,7,0,5
BRDA:168,7,1,1
BRDA:169,8,0,5
BRDA:169,8,1,1
BRDA:181,9,0,0
BRDA:181,9,1,4
BRDA:182,10,0,0
BRDA:182,10,1,4
BRDA:183,11,0,1
BRDA:183,11,1,3
BRDA:184,12,0,0
BRDA:184,12,1,4
BRDA:185,13,0,0
BRDA:185,13,1,4
BRDA:186,14,0,1
BRDA:186,14,1,3
BRDA:188,15,0,1
BRDA:188,15,1,0
BRDA:190,16,0,0
BRDA:190,16,1,4
BRDA:191,17,0,1
BRDA:191,17,1,3
BRDA:191,18,0,4
BRDA:191,18,1,1
BRDA:194,19,0,0
BRDA:194,19,1,4
BRDA:194,20,0,4
BRDA:194,20,1,0
BRF:47
BRH:37
end_of_record
TN:
SF:src/domain/bookings/sort.ts
FN:20,defaultBookingSortDir
FN:24,compareBookingRows
FNF:2
FNH:2
FNDA:4,defaultBookingSortDir
FNDA:17,compareBookingRows
DA:1,1
DA:3,1
DA:20,4
DA:21,4
DA:24,17
DA:29,17
DA:30,17
DA:32,4
DA:34,1
DA:36,4
DA:38,8
LF:11
LH:11
BRDA:29,0,0,16
BRDA:29,0,1,1
BRDA:30,1,0,4
BRDA:30,1,1,1
BRDA:30,1,2,4
BRDA:30,1,3,8
BRF:6
BRH:6
end_of_record
TN:
SF:src/domain/bookings/status.ts
FN:40,statusPresenter
FN:45,statusLabel
FNF:2
FNH:2
FNDA:47,statusPresenter
FNDA:2,statusLabel
DA:24,4
DA:32,4
DA:40,47
DA:41,47
DA:45,2
DA:46,2
LF:6
LH:6
BRF:0
BRH:0
end_of_record
TN:
SF:src/lib/format.ts
FN:14,formatDateTime
FN:21,formatWeightKg
FN:26,dateSortKey
FNF:3
FNH:3
FNDA:3,formatDateTime
FNDA:3,formatWeightKg
FNDA:15,dateSortKey
DA:1,2
DA:9,2
DA:14,3
DA:15,3
DA:16,3
DA:17,1
DA:21,3
DA:22,3
DA:26,15
DA:27,15
DA:28,15
LF:11
LH:11
BRDA:16,0,0,2
BRDA:16,0,1,1
BRDA:28,1,0,3
BRDA:28,1,1,12
BRF:4
BRH:4
end_of_record
TN:
SF:src/lib/errors/index.ts
FNF:0
FNH:0
DA:1,7
DA:2,1
LF:2
LH:2
BRF:0
BRH:0
end_of_record
TN:
SF:src/lib/errors/presenter.ts
FN:18,toUserFacingMessage
FNF:1
FNH:1
FNDA:7,toUserFacingMessage
DA:1,1
DA:18,7
DA:19,7
DA:20,3
DA:23,1
LF:5
LH:5
BRDA:19,0,0,4
BRDA:19,0,1,3
BRF:2
BRH:2
end_of_record
TN:
SF:src/lib/errors/report.ts
FN:14,reportError
FN:36,summarise
FNF:2
FNH:1
FNDA:1,reportError
FNDA:0,summarise
DA:1,1
DA:12,1
DA:14,1
DA:15,1
DA:17,0
DA:19,0
DA:20,0
DA:21,0
DA:22,0
DA:23,0
DA:24,0
DA:26,0
DA:27,0
DA:29,0
DA:33,0
DA:37,0
DA:38,0
DA:40,0
DA:41,0
LF:19
LH:4
BRDA:12,0,0,1
BRDA:12,0,1,1
BRDA:15,1,0,1
BRDA:15,1,1,0
BRDA:15,2,0,1
BRDA:15,2,1,1
BRDA:17,3,0,0
BRDA:17,3,1,0
BRDA:20,4,0,0
BRDA:20,4,1,0
BRDA:37,5,0,0
BRDA:37,5,1,0
BRDA:38,6,0,0
BRDA:38,6,1,0
BRDA:40,7,0,0
BRDA:40,7,1,0
BRF:16
BRH:5
end_of_record
TN:
SF:src/lib/hooks/useTableSort.ts
FN:10,useTableSort
FN:13,(anonymous_2)
FN:21,(anonymous_3)
FN:22,(anonymous_4)
FNF:4
FNH:3
FNDA:8,useTableSort
FNDA:0,(anonymous_2)
FNDA:3,(anonymous_3)
FNDA:3,(anonymous_4)
DA:1,1
DA:10,8
DA:13,0
DA:15,8
DA:20,8
DA:22,3
DA:23,3
DA:31,8
LF:8
LH:7
BRDA:12,0,0,0
BRDA:13,1,0,4
BRDA:23,2,0,2
BRDA:23,2,1,1
BRDA:24,3,0,1
BRDA:24,3,1,1
BRF:6
BRH:5
end_of_record
TN:
SF:src/services/api/bookings.ts
FN:19,(anonymous_3)
FN:21,(anonymous_4)
FN:25,(anonymous_5)
FN:29,(anonymous_6)
FN:33,(anonymous_7)
FN:41,(anonymous_8)
FNF:6
FNH:6
FNDA:5,(anonymous_3)
FNDA:10,(anonymous_4)
FNDA:1,(anonymous_5)
FNDA:1,(anonymous_6)
FNDA:1,(anonymous_7)
FNDA:2,(anonymous_8)
DA:2,3
DA:18,2
DA:19,5
DA:22,10
DA:26,1
DA:30,1
DA:34,1
DA:46,2
DA:55,3
LF:9
LH:9
BRDA:19,0,0,4
BRF:1
BRH:1
end_of_record
TN:
SF:src/services/api/errors.ts
FN:24,(anonymous_3)
FN:47,(anonymous_4)
FN:60,(anonymous_5)
FN:63,(anonymous_6)
FN:82,classifyStatus
FNF:5
FNH:5
FNDA:11,(anonymous_3)
FNDA:2,(anonymous_4)
FNDA:2,(anonymous_5)
FNDA:2,(anonymous_6)
FNDA:6,classifyStatus
DA:1,3
DA:2,3
DA:17,21
DA:31,11
DA:32,11
DA:33,11
DA:34,11
DA:35,11
DA:36,11
DA:48,2
DA:50,2
DA:51,2
DA:52,2
DA:54,2
DA:55,2
DA:56,1
DA:58,1
DA:61,2
DA:63,2
DA:70,1
DA:71,1
DA:73,1
DA:82,6
DA:83,6
DA:84,4
DA:85,1
DA:86,0
LF:27
LH:26
BRDA:48,0,0,0
BRDA:48,0,1,2
BRDA:52,1,0,0
BRDA:52,1,1,2
BRDA:56,2,0,0
BRDA:56,2,1,1
BRDA:61,3,0,2
BRDA:61,3,1,2
BRDA:65,4,0,2
BRDA:65,4,1,0
BRDA:67,5,0,2
BRDA:67,5,1,0
BRDA:70,6,0,0
BRDA:70,6,1,1
BRDA:83,7,0,2
BRDA:83,7,1,4
BRDA:84,8,0,3
BRDA:84,8,1,1
BRDA:85,9,0,1
BRDA:85,9,1,0
BRF:20
BRH:13
end_of_record
TN:
SF:src/services/api/http.ts
FN:14,request
FN:69,(anonymous_4)
FNF:2
FNH:2
FNDA:15,request
FNDA:12,(anonymous_4)
DA:1,3
DA:14,3
DA:20,15
DA:21,15
DA:31,2
DA:32,1
DA:45,13
DA:47,13
DA:48,6
DA:49,6
DA:50,6
DA:55,6
DA:57,6
DA:66,7
DA:69,12
DA:70,12
LF:16
LH:16
BRDA:16,0,0,0
BRDA:26,1,0,3
BRDA:26,1,1,12
BRDA:31,2,0,1
BRDA:31,2,1,1
BRDA:31,3,0,2
BRDA:31,3,1,1
BRDA:36,4,0,1
BRDA:36,4,1,0
BRDA:45,5,0,0
BRDA:45,5,1,13
BRDA:47,6,0,6
BRDA:47,6,1,7
BRDA:55,7,0,6
BRDA:55,7,1,0
BRF:15
BRH:11
end_of_record
TN:
SF:src/services/api/index.ts
FNF:0
FNH:0
DA:1,7
DA:2,3
DA:3,3
DA:5,0
DA:6,15
DA:7,3
DA:8,3
DA:11,3
LF:8
LH:7
BRF:0
BRH:0
end_of_record
TN:
SF:src/services/api/schemas.ts
FN:42,(anonymous_5)
FN:46,(anonymous_6)
FN:58,zodErrorToFieldMap
FNF:3
FNH:3
FNDA:17,(anonymous_5)
FNDA:16,(anonymous_6)
FNDA:5,zodErrorToFieldMap
DA:18,4
DA:20,4
DA:28,17
DA:42,17
DA:46,16
DA:51,7
DA:58,5
DA:59,5
DA:60,5
DA:61,23
DA:62,23
DA:64,5
LF:12
LH:12
BRDA:61,0,0,22
BRDA:61,0,1,1
BRDA:62,1,0,20
BRDA:62,1,1,3
BRF:4
BRH:4
end_of_record
